[0.080s] DEBUG:colcon:Command line arguments: ['/usr/bin/colcon', 'build', '--packages-select', 'py_pubsub', '--packages-ignore', 'wheelchair_sensor_msgs']
[0.080s] DEBUG:colcon:Parsed command line arguments: Namespace(log_base=None, log_level=None, verb_name='build', build_base='build', install_base='install', merge_install=False, symlink_install=False, test_result_base=None, continue_on_error=False, executor='parallel', parallel_workers=16, event_handlers=None, ignore_user_meta=False, metas=['./colcon.meta'], base_paths=['.'], packages_ignore=['wheelchair_sensor_msgs'], packages_ignore_regex=None, paths=None, packages_up_to=None, packages_up_to_regex=None, packages_above=None, packages_above_and_dependencies=None, packages_above_depth=None, packages_select_by_dep=None, packages_skip_by_dep=None, packages_skip_up_to=None, packages_select_build_failed=False, packages_skip_build_finished=False, packages_select_test_failures=False, packages_skip_test_passed=False, packages_select=['py_pubsub'], packages_skip=None, packages_select_regex=None, packages_skip_regex=None, packages_start=None, packages_end=None, allow_overriding=[], cmake_args=None, cmake_target=None, cmake_target_skip_unavailable=False, cmake_clean_cache=False, cmake_clean_first=False, cmake_force_configure=False, ament_cmake_args=None, catkin_cmake_args=None, catkin_skip_building_tests=False, mixin_files=None, mixin=None, verb_parser=<colcon_mixin.mixin.mixin_argument.MixinArgumentDecorator object at 0x77445065ea40>, verb_extension=<colcon_core.verb.build.BuildVerb object at 0x77445061c460>, main=<bound method BuildVerb.main of <colcon_core.verb.build.BuildVerb object at 0x77445061c460>>, mixin_verb=('build',))
[0.210s] Level 1:colcon.colcon_core.package_discovery:discover_packages(colcon_meta) check parameters
[0.210s] Level 1:colcon.colcon_core.package_discovery:discover_packages(recursive) check parameters
[0.210s] Level 1:colcon.colcon_core.package_discovery:discover_packages(ignore) check parameters
[0.210s] Level 1:colcon.colcon_core.package_discovery:discover_packages(path) check parameters
[0.210s] Level 1:colcon.colcon_core.package_discovery:discover_packages(colcon_meta) discover
[0.210s] Level 1:colcon.colcon_core.package_discovery:discover_packages(recursive) discover
[0.211s] INFO:colcon.colcon_core.package_discovery:Crawling recursively for packages in '/home/aec117-fkmj9r3/ros2_ws/src/py_pubsub'
[0.211s] Level 1:colcon.colcon_core.package_identification:_identify(.) by extensions ['ignore', 'ignore_ament_install']
[0.211s] Level 1:colcon.colcon_core.package_identification:_identify(.) by extension 'ignore'
[0.211s] Level 1:colcon.colcon_core.package_identification:_identify(.) by extension 'ignore_ament_install'
[0.211s] Level 1:colcon.colcon_core.package_identification:_identify(.) by extensions ['colcon_pkg']
[0.211s] Level 1:colcon.colcon_core.package_identification:_identify(.) by extension 'colcon_pkg'
[0.211s] Level 1:colcon.colcon_core.package_identification:_identify(.) by extensions ['colcon_meta']
[0.211s] Level 1:colcon.colcon_core.package_identification:_identify(.) by extension 'colcon_meta'
[0.211s] Level 1:colcon.colcon_core.package_identification:_identify(.) by extensions ['ros']
[0.211s] Level 1:colcon.colcon_core.package_identification:_identify(.) by extension 'ros'
[0.220s] DEBUG:colcon.colcon_core.package_identification:Package '.' with type 'ros.ament_python' and name 'py_pubsub'
[0.220s] Level 1:colcon.colcon_core.package_discovery:discover_packages(recursive) using defaults
[0.220s] Level 1:colcon.colcon_core.package_discovery:discover_packages(ignore) discover
[0.220s] Level 1:colcon.colcon_core.package_discovery:discover_packages(ignore) using defaults
[0.220s] Level 1:colcon.colcon_core.package_discovery:discover_packages(path) discover
[0.220s] Level 1:colcon.colcon_core.package_discovery:discover_packages(path) using defaults
[0.240s] WARNING:colcon.colcon_core.package_discovery:ignoring unknown package 'wheelchair_sensor_msgs' in --packages-ignore
[0.240s] Level 1:colcon.colcon_core.package_discovery:discover_packages(prefix_path) check parameters
[0.240s] Level 1:colcon.colcon_core.package_discovery:discover_packages(prefix_path) discover
[0.242s] DEBUG:colcon.colcon_installed_package_information.package_discovery:Found 6 installed packages in /home/aec117-fkmj9r3/ros2_ws/install
[0.242s] DEBUG:colcon.colcon_installed_package_information.package_discovery:Found 3 installed packages in /home/aec117-fkmj9r3/microros_ws/install
[0.242s] DEBUG:colcon.colcon_installed_package_information.package_discovery:Found 1 installed packages in /home/aec117-fkmj9r3/ws_livox/install
[0.243s] DEBUG:colcon.colcon_installed_package_information.package_discovery:Found 273 installed packages in /opt/ros/humble
[0.244s] Level 1:colcon.colcon_core.package_discovery:discover_packages(prefix_path) using defaults
[0.271s] Level 5:colcon.colcon_core.verb:set package 'py_pubsub' build argument 'cmake_args' from command line to 'None'
[0.271s] Level 5:colcon.colcon_core.verb:set package 'py_pubsub' build argument 'cmake_target' from command line to 'None'
[0.271s] Level 5:colcon.colcon_core.verb:set package 'py_pubsub' build argument 'cmake_target_skip_unavailable' from command line to 'False'
[0.271s] Level 5:colcon.colcon_core.verb:set package 'py_pubsub' build argument 'cmake_clean_cache' from command line to 'False'
[0.271s] Level 5:colcon.colcon_core.verb:set package 'py_pubsub' build argument 'cmake_clean_first' from command line to 'False'
[0.271s] Level 5:colcon.colcon_core.verb:set package 'py_pubsub' build argument 'cmake_force_configure' from command line to 'False'
[0.271s] Level 5:colcon.colcon_core.verb:set package 'py_pubsub' build argument 'ament_cmake_args' from command line to 'None'
[0.271s] Level 5:colcon.colcon_core.verb:set package 'py_pubsub' build argument 'catkin_cmake_args' from command line to 'None'
[0.271s] Level 5:colcon.colcon_core.verb:set package 'py_pubsub' build argument 'catkin_skip_building_tests' from command line to 'False'
[0.271s] DEBUG:colcon.colcon_core.verb:Building package 'py_pubsub' with the following arguments: {'ament_cmake_args': None, 'build_base': '/home/aec117-fkmj9r3/ros2_ws/src/py_pubsub/build/py_pubsub', 'catkin_cmake_args': None, 'catkin_skip_building_tests': False, 'cmake_args': None, 'cmake_clean_cache': False, 'cmake_clean_first': False, 'cmake_force_configure': False, 'cmake_target': None, 'cmake_target_skip_unavailable': False, 'install_base': '/home/aec117-fkmj9r3/ros2_ws/src/py_pubsub/install/py_pubsub', 'merge_install': False, 'path': '/home/aec117-fkmj9r3/ros2_ws/src/py_pubsub', 'symlink_install': False, 'test_result_base': None}
[0.271s] INFO:colcon.colcon_core.executor:Executing jobs using 'parallel' executor
[0.272s] DEBUG:colcon.colcon_parallel_executor.executor.parallel:run_until_complete
[0.272s] INFO:colcon.colcon_ros.task.ament_python.build:Building ROS package in '/home/aec117-fkmj9r3/ros2_ws/src/py_pubsub' with build type 'ament_python'
[0.273s] Level 1:colcon.colcon_core.shell:create_environment_hook('py_pubsub', 'ament_prefix_path')
[0.274s] INFO:colcon.colcon_core.plugin_system:Skipping extension 'colcon_core.shell.bat': Not used on non-Windows systems
[0.274s] INFO:colcon.colcon_core.shell:Creating environment hook '/home/aec117-fkmj9r3/ros2_ws/src/py_pubsub/install/py_pubsub/share/py_pubsub/hook/ament_prefix_path.ps1'
[0.274s] INFO:colcon.colcon_core.shell:Creating environment descriptor '/home/aec117-fkmj9r3/ros2_ws/src/py_pubsub/install/py_pubsub/share/py_pubsub/hook/ament_prefix_path.dsv'
[0.275s] INFO:colcon.colcon_core.shell:Creating environment hook '/home/aec117-fkmj9r3/ros2_ws/src/py_pubsub/install/py_pubsub/share/py_pubsub/hook/ament_prefix_path.sh'
[0.275s] INFO:colcon.colcon_core.shell:Skip shell extension 'powershell' for command environment: Not usable outside of PowerShell
[0.275s] DEBUG:colcon.colcon_core.shell:Skip shell extension 'dsv' for command environment
[0.464s] WARNING:colcon.colcon_ros.task.ament_python.build:Package 'py_pubsub' doesn't explicitly install a marker in the package index (colcon-ros currently does it implicitly but that fallback will be removed in the future)
[0.464s] WARNING:colcon.colcon_ros.task.ament_python.build:Package 'py_pubsub' doesn't explicitly install the 'package.xml' file (colcon-ros currently does it implicitly but that fallback will be removed in the future)
[0.464s] INFO:colcon.colcon_core.task.python.build:Building Python package in '/home/aec117-fkmj9r3/ros2_ws/src/py_pubsub'
[0.464s] INFO:colcon.colcon_core.shell:Skip shell extension 'powershell' for command environment: Not usable outside of PowerShell
[0.464s] DEBUG:colcon.colcon_core.shell:Skip shell extension 'dsv' for command environment
[0.704s] DEBUG:colcon.colcon_core.event_handler.log_command:Invoking command in '/home/aec117-fkmj9r3/ros2_ws/src/py_pubsub': PYTHONPATH=/home/aec117-fkmj9r3/ros2_ws/src/py_pubsub/build/py_pubsub/prefix_override:/usr/lib/python3/dist-packages/colcon_core/task/python/colcon_distutils_commands:/home/aec117-fkmj9r3/ros2_ws/src/py_pubsub/install/py_pubsub/lib/python3.10/site-packages:${PYTHONPATH} /usr/bin/python3 -W ignore:setup.py install is deprecated -W ignore:easy_install command is deprecated setup.py egg_info --egg-base build/py_pubsub build --build-base /home/aec117-fkmj9r3/ros2_ws/src/py_pubsub/build/py_pubsub/build install --record /home/aec117-fkmj9r3/ros2_ws/src/py_pubsub/build/py_pubsub/install.log --single-version-externally-managed
[0.918s] DEBUG:colcon.colcon_core.event_handler.log_command:Invoked command in '/home/aec117-fkmj9r3/ros2_ws/src/py_pubsub' returned '0': PYTHONPATH=/home/aec117-fkmj9r3/ros2_ws/src/py_pubsub/build/py_pubsub/prefix_override:/usr/lib/python3/dist-packages/colcon_core/task/python/colcon_distutils_commands:/home/aec117-fkmj9r3/ros2_ws/src/py_pubsub/install/py_pubsub/lib/python3.10/site-packages:${PYTHONPATH} /usr/bin/python3 -W ignore:setup.py install is deprecated -W ignore:easy_install command is deprecated setup.py egg_info --egg-base build/py_pubsub build --build-base /home/aec117-fkmj9r3/ros2_ws/src/py_pubsub/build/py_pubsub/build install --record /home/aec117-fkmj9r3/ros2_ws/src/py_pubsub/build/py_pubsub/install.log --single-version-externally-managed
[0.919s] Level 1:colcon.colcon_core.environment:checking '/home/aec117-fkmj9r3/ros2_ws/src/py_pubsub/install/py_pubsub' for CMake module files
[0.920s] Level 1:colcon.colcon_core.environment:checking '/home/aec117-fkmj9r3/ros2_ws/src/py_pubsub/install/py_pubsub' for CMake config files
[0.920s] Level 1:colcon.colcon_core.environment:checking '/home/aec117-fkmj9r3/ros2_ws/src/py_pubsub/install/py_pubsub/lib'
[0.920s] Level 1:colcon.colcon_core.environment:checking '/home/aec117-fkmj9r3/ros2_ws/src/py_pubsub/install/py_pubsub/bin'
[0.920s] Level 1:colcon.colcon_core.environment:checking '/home/aec117-fkmj9r3/ros2_ws/src/py_pubsub/install/py_pubsub/lib/pkgconfig/py_pubsub.pc'
[0.920s] Level 1:colcon.colcon_core.environment:checking '/home/aec117-fkmj9r3/ros2_ws/src/py_pubsub/install/py_pubsub/lib/python3.10/site-packages'
[0.921s] Level 1:colcon.colcon_core.shell:create_environment_hook('py_pubsub', 'pythonpath')
[0.921s] INFO:colcon.colcon_core.shell:Creating environment hook '/home/aec117-fkmj9r3/ros2_ws/src/py_pubsub/install/py_pubsub/share/py_pubsub/hook/pythonpath.ps1'
[0.921s] INFO:colcon.colcon_core.shell:Creating environment descriptor '/home/aec117-fkmj9r3/ros2_ws/src/py_pubsub/install/py_pubsub/share/py_pubsub/hook/pythonpath.dsv'
[0.921s] INFO:colcon.colcon_core.shell:Creating environment hook '/home/aec117-fkmj9r3/ros2_ws/src/py_pubsub/install/py_pubsub/share/py_pubsub/hook/pythonpath.sh'
[0.922s] Level 1:colcon.colcon_core.environment:checking '/home/aec117-fkmj9r3/ros2_ws/src/py_pubsub/install/py_pubsub/bin'
[0.922s] Level 1:colcon.colcon_core.environment:create_environment_scripts_only(py_pubsub)
[0.922s] INFO:colcon.colcon_core.shell:Creating package script '/home/aec117-fkmj9r3/ros2_ws/src/py_pubsub/install/py_pubsub/share/py_pubsub/package.ps1'
[0.922s] INFO:colcon.colcon_core.shell:Creating package descriptor '/home/aec117-fkmj9r3/ros2_ws/src/py_pubsub/install/py_pubsub/share/py_pubsub/package.dsv'
[0.923s] INFO:colcon.colcon_core.shell:Creating package script '/home/aec117-fkmj9r3/ros2_ws/src/py_pubsub/install/py_pubsub/share/py_pubsub/package.sh'
[0.923s] INFO:colcon.colcon_core.shell:Creating package script '/home/aec117-fkmj9r3/ros2_ws/src/py_pubsub/install/py_pubsub/share/py_pubsub/package.bash'
[0.924s] INFO:colcon.colcon_core.shell:Creating package script '/home/aec117-fkmj9r3/ros2_ws/src/py_pubsub/install/py_pubsub/share/py_pubsub/package.zsh'
[0.924s] Level 1:colcon.colcon_core.environment:create_file_with_runtime_dependencies(/home/aec117-fkmj9r3/ros2_ws/src/py_pubsub/install/py_pubsub/share/colcon-core/packages/py_pubsub)
[0.925s] DEBUG:colcon.colcon_parallel_executor.executor.parallel:closing loop
[0.925s] DEBUG:colcon.colcon_parallel_executor.executor.parallel:loop closed
[0.925s] DEBUG:colcon.colcon_parallel_executor.executor.parallel:run_until_complete finished with '0'
[0.925s] DEBUG:colcon.colcon_core.event_reactor:joining thread
[0.928s] INFO:colcon.colcon_core.plugin_system:Skipping extension 'colcon_notification.desktop_notification.terminal_notifier': Not used on non-Darwin systems
[0.928s] INFO:colcon.colcon_core.plugin_system:Skipping extension 'colcon_notification.desktop_notification.win32': Not used on non-Windows systems
[0.929s] INFO:colcon.colcon_notification.desktop_notification:Sending desktop notification using 'notify2'
[1.006s] DEBUG:colcon.colcon_core.event_reactor:joined thread
[1.007s] INFO:colcon.colcon_core.shell:Creating prefix script '/home/aec117-fkmj9r3/ros2_ws/src/py_pubsub/install/local_setup.ps1'
[1.007s] INFO:colcon.colcon_core.shell:Creating prefix util module '/home/aec117-fkmj9r3/ros2_ws/src/py_pubsub/install/_local_setup_util_ps1.py'
[1.009s] INFO:colcon.colcon_core.shell:Creating prefix chain script '/home/aec117-fkmj9r3/ros2_ws/src/py_pubsub/install/setup.ps1'
[1.009s] INFO:colcon.colcon_core.shell:Creating prefix script '/home/aec117-fkmj9r3/ros2_ws/src/py_pubsub/install/local_setup.sh'
[1.010s] INFO:colcon.colcon_core.shell:Creating prefix util module '/home/aec117-fkmj9r3/ros2_ws/src/py_pubsub/install/_local_setup_util_sh.py'
[1.010s] INFO:colcon.colcon_core.shell:Creating prefix chain script '/home/aec117-fkmj9r3/ros2_ws/src/py_pubsub/install/setup.sh'
[1.011s] INFO:colcon.colcon_core.shell:Creating prefix script '/home/aec117-fkmj9r3/ros2_ws/src/py_pubsub/install/local_setup.bash'
[1.011s] INFO:colcon.colcon_core.shell:Creating prefix chain script '/home/aec117-fkmj9r3/ros2_ws/src/py_pubsub/install/setup.bash'
[1.012s] INFO:colcon.colcon_core.shell:Creating prefix script '/home/aec117-fkmj9r3/ros2_ws/src/py_pubsub/install/local_setup.zsh'
[1.013s] INFO:colcon.colcon_core.shell:Creating prefix chain script '/home/aec117-fkmj9r3/ros2_ws/src/py_pubsub/install/setup.zsh'
