[0.432s] Invoking command in '/home/aec117-fkmj9r3/ros2_ws/src/py_pubsub': PYTHONPATH=/home/aec117-fkmj9r3/ros2_ws/src/py_pubsub/build/py_pubsub/prefix_override:/usr/lib/python3/dist-packages/colcon_core/task/python/colcon_distutils_commands:/home/aec117-fkmj9r3/ros2_ws/src/py_pubsub/install/py_pubsub/lib/python3.10/site-packages:${PYTHONPATH} /usr/bin/python3 -W ignore:setup.py install is deprecated -W ignore:easy_install command is deprecated setup.py egg_info --egg-base build/py_pubsub build --build-base /home/aec117-fkmj9r3/ros2_ws/src/py_pubsub/build/py_pubsub/build install --record /home/aec117-fkmj9r3/ros2_ws/src/py_pubsub/build/py_pubsub/install.log --single-version-externally-managed
[0.611s] running egg_info
[0.611s] creating build/py_pubsub/py_pubsub.egg-info
[0.611s] writing build/py_pubsub/py_pubsub.egg-info/PKG-INFO
[0.612s] writing dependency_links to build/py_pubsub/py_pubsub.egg-info/dependency_links.txt
[0.612s] writing entry points to build/py_pubsub/py_pubsub.egg-info/entry_points.txt
[0.612s] writing requirements to build/py_pubsub/py_pubsub.egg-info/requires.txt
[0.612s] writing top-level names to build/py_pubsub/py_pubsub.egg-info/top_level.txt
[0.612s] writing manifest file 'build/py_pubsub/py_pubsub.egg-info/SOURCES.txt'
[0.613s] reading manifest file 'build/py_pubsub/py_pubsub.egg-info/SOURCES.txt'
[0.613s] writing manifest file 'build/py_pubsub/py_pubsub.egg-info/SOURCES.txt'
[0.613s] running build
[0.613s] running build_py
[0.614s] creating /home/aec117-fkmj9r3/ros2_ws/src/py_pubsub/build/py_pubsub/build
[0.614s] creating /home/aec117-fkmj9r3/ros2_ws/src/py_pubsub/build/py_pubsub/build/lib
[0.614s] creating /home/aec117-fkmj9r3/ros2_ws/src/py_pubsub/build/py_pubsub/build/lib/py_pubsub
[0.614s] copying py_pubsub/__init__.py -> /home/aec117-fkmj9r3/ros2_ws/src/py_pubsub/build/py_pubsub/build/lib/py_pubsub
[0.614s] copying py_pubsub/serial_publisher.py -> /home/aec117-fkmj9r3/ros2_ws/src/py_pubsub/build/py_pubsub/build/lib/py_pubsub
[0.614s] running install
[0.614s] running install_lib
[0.614s] creating /home/aec117-fkmj9r3/ros2_ws/src/py_pubsub/install/py_pubsub/lib/python3.10/site-packages/py_pubsub
[0.614s] copying /home/aec117-fkmj9r3/ros2_ws/src/py_pubsub/build/py_pubsub/build/lib/py_pubsub/__init__.py -> /home/aec117-fkmj9r3/ros2_ws/src/py_pubsub/install/py_pubsub/lib/python3.10/site-packages/py_pubsub
[0.614s] copying /home/aec117-fkmj9r3/ros2_ws/src/py_pubsub/build/py_pubsub/build/lib/py_pubsub/serial_publisher.py -> /home/aec117-fkmj9r3/ros2_ws/src/py_pubsub/install/py_pubsub/lib/python3.10/site-packages/py_pubsub
[0.615s] byte-compiling /home/aec117-fkmj9r3/ros2_ws/src/py_pubsub/install/py_pubsub/lib/python3.10/site-packages/py_pubsub/__init__.py to __init__.cpython-310.pyc
[0.615s] byte-compiling /home/aec117-fkmj9r3/ros2_ws/src/py_pubsub/install/py_pubsub/lib/python3.10/site-packages/py_pubsub/serial_publisher.py to serial_publisher.cpython-310.pyc
[0.615s] running install_egg_info
[0.617s] Copying build/py_pubsub/py_pubsub.egg-info to /home/aec117-fkmj9r3/ros2_ws/src/py_pubsub/install/py_pubsub/lib/python3.10/site-packages/py_pubsub-0.0.1-py3.10.egg-info
[0.617s] running install_scripts
[0.631s] Installing serial_publisher script to /home/aec117-fkmj9r3/ros2_ws/src/py_pubsub/install/py_pubsub/lib/py_pubsub
[0.631s] writing list of installed files to '/home/aec117-fkmj9r3/ros2_ws/src/py_pubsub/build/py_pubsub/install.log'
[0.645s] Invoked command in '/home/aec117-fkmj9r3/ros2_ws/src/py_pubsub' returned '0': PYTHONPATH=/home/aec117-fkmj9r3/ros2_ws/src/py_pubsub/build/py_pubsub/prefix_override:/usr/lib/python3/dist-packages/colcon_core/task/python/colcon_distutils_commands:/home/aec117-fkmj9r3/ros2_ws/src/py_pubsub/install/py_pubsub/lib/python3.10/site-packages:${PYTHONPATH} /usr/bin/python3 -W ignore:setup.py install is deprecated -W ignore:easy_install command is deprecated setup.py egg_info --egg-base build/py_pubsub build --build-base /home/aec117-fkmj9r3/ros2_ws/src/py_pubsub/build/py_pubsub/build install --record /home/aec117-fkmj9r3/ros2_ws/src/py_pubsub/build/py_pubsub/install.log --single-version-externally-managed
